<?xml version="1.0" encoding="UTF-8"?>
<!-- Generated by org.testng.reporters.JUnitXMLReporter -->
<testsuite hostname="DESKTOP-QK0E47G" ignored="0" name="sanity" tests="3" failures="2" timestamp="13 May 2025 17:28:38 GMT" time="62.865" errors="0">
  <testcase name="goToInteractions" time="10.299" classname="com.testCases.TC_005_Interactions"/>
  <testcase name="goToSortable" time="6.3" classname="com.testCases.TC_005_Interactions">
    <failure type="org.openqa.selenium.ElementClickInterceptedException" message="element click intercepted: Element &amp;lt;a id=&amp;quot;demo-tab-grid&amp;quot; href=&amp;quot;#&amp;quot; role=&amp;quot;tab&amp;quot; data-rb-event-key=&amp;quot;grid&amp;quot; aria-controls=&amp;quot;demo-tabpane-grid&amp;quot; tabindex=&amp;quot;-1&amp;quot; aria-selected=&amp;quot;false&amp;quot; class=&amp;quot;nav-item nav-link&amp;quot;&amp;gt;...&amp;lt;/a&amp;gt; is not clickable at point (449, 544). Other element would receive the click: &amp;lt;iframe frameborder=&amp;quot;0&amp;quot; src=&amp;quot;https://577819ba7c4cca74bd4b2656e49856ce.safeframe.googlesyndication.com/safeframe/1-0-44/html/container.html&amp;quot; id=&amp;quot;google_ads_iframe_/21849154601,22343295815/Ad.Plus-Anchor_0&amp;quot; title=&amp;quot;3rd party ad content&amp;quot; name=&amp;quot;&amp;quot; scrolling=&amp;quot;no&amp;quot; marginwidth=&amp;quot;0&amp;quot; marginheight=&amp;quot;0&amp;quot; width=&amp;quot;970&amp;quot; height=&amp;quot;90&amp;quot; data-is-safeframe=&amp;quot;true&amp;quot; sandbox=&amp;quot;allow-forms allow-popups allow-popups-to-escape-sandbox allow-same-origin allow-scripts allow-top-navigation-by-user-activation&amp;quot; allow=&amp;quot;private-state-token-redemption;attribution-reporting&amp;quot; aria-label=&amp;quot;Advertisement&amp;quot; tabindex=&amp;quot;0&amp;quot; data-google-container-id=&amp;quot;1&amp;quot; style=&amp;quot;border: 0px; vertical-align: bottom;&amp;quot; data-load-complete=&amp;quot;true&amp;quot;&amp;gt;&amp;lt;/iframe&amp;gt;
  (Session info: chrome=136.0.7103.93)
Build info: version: &amp;apos;4.12.1&amp;apos;, revision: &amp;apos;8e34639b11&amp;apos;
System info: os.name: &amp;apos;Windows 10&amp;apos;, os.arch: &amp;apos;amd64&amp;apos;, os.version: &amp;apos;10.0&amp;apos;, java.version: &amp;apos;1.8.0_144&amp;apos;
Driver info: org.openqa.selenium.chrome.ChromeDriver
Command: [0a6c3cc907ea92644e3fe1b2411570fe, clickElement {id=f.EC532A38CB5A5E9C8543EF844B4AC91D.d.A827E27B76C4E3AAF671831586AE50C5.e.36}]
Capabilities {acceptInsecureCerts: false, browserName: chrome, browserVersion: 136.0.7103.93, chrome: {chromedriverVersion: 136.0.7103.92 (cb81a4cc5087..., userDataDir: C:\Users\DELL\AppData\Local...}, fedcm:accounts: true, goog:chromeOptions: {debuggerAddress: localhost:54011}, networkConnectionEnabled: false, pageLoadStrategy: normal, platformName: windows, proxy: Proxy(), se:cdp: ws://localhost:54011/devtoo..., se:cdpVersion: 136.0.7103.93, setWindowRect: true, strictFileInteractability: false, timeouts: {implicit: 0, pageLoad: 300000, script: 30000}, unhandledPromptBehavior: dismiss and notify, webauthn:extension:credBlob: true, webauthn:extension:largeBlob: true, webauthn:extension:minPinLength: true, webauthn:extension:prf: true, webauthn:virtualAuthenticators: true}
Element: [[ChromeDriver: chrome on windows (0a6c3cc907ea92644e3fe1b2411570fe)] -&amp;gt; xpath: //a[@id=&amp;apos;demo-tab-grid&amp;apos;]]
Session ID: 0a6c3cc907ea92644e3fe1b2411570fe">
      <![CDATA[org.openqa.selenium.ElementClickInterceptedException: element click intercepted: Element <a id="demo-tab-grid" href="#" role="tab" data-rb-event-key="grid" aria-controls="demo-tabpane-grid" tabindex="-1" aria-selected="false" class="nav-item nav-link">...</a> is not clickable at point (449, 544). Other element would receive the click: <iframe frameborder="0" src="https://577819ba7c4cca74bd4b2656e49856ce.safeframe.googlesyndication.com/safeframe/1-0-44/html/container.html" id="google_ads_iframe_/21849154601,22343295815/Ad.Plus-Anchor_0" title="3rd party ad content" name="" scrolling="no" marginwidth="0" marginheight="0" width="970" height="90" data-is-safeframe="true" sandbox="allow-forms allow-popups allow-popups-to-escape-sandbox allow-same-origin allow-scripts allow-top-navigation-by-user-activation" allow="private-state-token-redemption;attribution-reporting" aria-label="Advertisement" tabindex="0" data-google-container-id="1" style="border: 0px; vertical-align: bottom;" data-load-complete="true"></iframe>  (Session info: chrome=136.0.7103.93)Build info: version: '4.12.1', revision: '8e34639b11'System info: os.name: 'Windows 10', os.arch: 'amd64', os.version: '10.0', java.version: '1.8.0_144'Driver info: org.openqa.selenium.chrome.ChromeDriverCommand: [0a6c3cc907ea92644e3fe1b2411570fe, clickElement {id=f.EC532A38CB5A5E9C8543EF844B4AC91D.d.A827E27B76C4E3AAF671831586AE50C5.e.36}]Capabilities {acceptInsecureCerts: false, browserName: chrome, browserVersion: 136.0.7103.93, chrome: {chromedriverVersion: 136.0.7103.92 (cb81a4cc5087..., userDataDir: C:\Users\DELL\AppData\Local...}, fedcm:accounts: true, goog:chromeOptions: {debuggerAddress: localhost:54011}, networkConnectionEnabled: false, pageLoadStrategy: normal, platformName: windows, proxy: Proxy(), se:cdp: ws://localhost:54011/devtoo..., se:cdpVersion: 136.0.7103.93, setWindowRect: true, strictFileInteractability: false, timeouts: {implicit: 0, pageLoad: 300000, script: 30000}, unhandledPromptBehavior: dismiss and notify, webauthn:extension:credBlob: true, webauthn:extension:largeBlob: true, webauthn:extension:minPinLength: true, webauthn:extension:prf: true, webauthn:virtualAuthenticators: true}Element: [[ChromeDriver: chrome on windows (0a6c3cc907ea92644e3fe1b2411570fe)] -> xpath: //a[@id='demo-tab-grid']]Session ID: 0a6c3cc907ea92644e3fe1b2411570feat org.openqa.selenium.remote.codec.w3c.W3CHttpResponseCodec.createException(W3CHttpResponseCodec.java:200)at org.openqa.selenium.remote.codec.w3c.W3CHttpResponseCodec.decode(W3CHttpResponseCodec.java:133)at org.openqa.selenium.remote.codec.w3c.W3CHttpResponseCodec.decode(W3CHttpResponseCodec.java:52)at org.openqa.selenium.remote.HttpCommandExecutor.execute(HttpCommandExecutor.java:191)at org.openqa.selenium.remote.service.DriverCommandExecutor.invokeExecute(DriverCommandExecutor.java:196)at org.openqa.selenium.remote.service.DriverCommandExecutor.execute(DriverCommandExecutor.java:171)at org.openqa.selenium.remote.RemoteWebDriver.execute(RemoteWebDriver.java:602)at org.openqa.selenium.remote.RemoteWebElement.execute(RemoteWebElement.java:224)at org.openqa.selenium.remote.RemoteWebElement.click(RemoteWebElement.java:77)at org.openqa.selenium.support.pagefactory.internal.LocatingElementHandler.invoke(LocatingElementHandler.java:51)at com.sun.proxy.$Proxy14.click(Unknown Source)at com.pageObjectModel.Interactions.sortGrid(Interactions.java:131)at com.testCases.TC_005_Interactions.goToSortable(TC_005_Interactions.java:27)... Removed 33 stack frames]]>
    </failure>
  </testcase> <!-- goToSortable -->
  <testcase name="goToDropable" time="1.641" classname="com.testCases.TC_005_Interactions">
    <failure type="org.openqa.selenium.ElementClickInterceptedException" message="element click intercepted: Element &amp;lt;a id=&amp;quot;droppableExample-tab-accept&amp;quot; href=&amp;quot;#&amp;quot; role=&amp;quot;tab&amp;quot; data-rb-event-key=&amp;quot;accept&amp;quot; aria-controls=&amp;quot;droppableExample-tabpane-accept&amp;quot; tabindex=&amp;quot;-1&amp;quot; aria-selected=&amp;quot;false&amp;quot; class=&amp;quot;nav-item nav-link&amp;quot;&amp;gt;...&amp;lt;/a&amp;gt; is not clickable at point (482, 544). Other element would receive the click: &amp;lt;iframe frameborder=&amp;quot;0&amp;quot; src=&amp;quot;https://577819ba7c4cca74bd4b2656e49856ce.safeframe.googlesyndication.com/safeframe/1-0-44/html/container.html&amp;quot; id=&amp;quot;google_ads_iframe_/21849154601,22343295815/Ad.Plus-Anchor_0&amp;quot; title=&amp;quot;3rd party ad content&amp;quot; name=&amp;quot;&amp;quot; scrolling=&amp;quot;no&amp;quot; marginwidth=&amp;quot;0&amp;quot; marginheight=&amp;quot;0&amp;quot; width=&amp;quot;970&amp;quot; height=&amp;quot;90&amp;quot; data-is-safeframe=&amp;quot;true&amp;quot; sandbox=&amp;quot;allow-forms allow-popups allow-popups-to-escape-sandbox allow-same-origin allow-scripts allow-top-navigation-by-user-activation&amp;quot; allow=&amp;quot;private-state-token-redemption;attribution-reporting&amp;quot; aria-label=&amp;quot;Advertisement&amp;quot; tabindex=&amp;quot;0&amp;quot; data-google-container-id=&amp;quot;1&amp;quot; style=&amp;quot;border: 0px; vertical-align: bottom;&amp;quot; data-load-complete=&amp;quot;true&amp;quot;&amp;gt;&amp;lt;/iframe&amp;gt;
  (Session info: chrome=136.0.7103.93)
Build info: version: &amp;apos;4.12.1&amp;apos;, revision: &amp;apos;8e34639b11&amp;apos;
System info: os.name: &amp;apos;Windows 10&amp;apos;, os.arch: &amp;apos;amd64&amp;apos;, os.version: &amp;apos;10.0&amp;apos;, java.version: &amp;apos;1.8.0_144&amp;apos;
Driver info: org.openqa.selenium.chrome.ChromeDriver
Command: [0a6c3cc907ea92644e3fe1b2411570fe, clickElement {id=f.EC532A38CB5A5E9C8543EF844B4AC91D.d.A827E27B76C4E3AAF671831586AE50C5.e.40}]
Capabilities {acceptInsecureCerts: false, browserName: chrome, browserVersion: 136.0.7103.93, chrome: {chromedriverVersion: 136.0.7103.92 (cb81a4cc5087..., userDataDir: C:\Users\DELL\AppData\Local...}, fedcm:accounts: true, goog:chromeOptions: {debuggerAddress: localhost:54011}, networkConnectionEnabled: false, pageLoadStrategy: normal, platformName: windows, proxy: Proxy(), se:cdp: ws://localhost:54011/devtoo..., se:cdpVersion: 136.0.7103.93, setWindowRect: true, strictFileInteractability: false, timeouts: {implicit: 0, pageLoad: 300000, script: 30000}, unhandledPromptBehavior: dismiss and notify, webauthn:extension:credBlob: true, webauthn:extension:largeBlob: true, webauthn:extension:minPinLength: true, webauthn:extension:prf: true, webauthn:virtualAuthenticators: true}
Element: [[ChromeDriver: chrome on windows (0a6c3cc907ea92644e3fe1b2411570fe)] -&amp;gt; xpath: //a[@id=&amp;apos;droppableExample-tab-accept&amp;apos;]]
Session ID: 0a6c3cc907ea92644e3fe1b2411570fe">
      <![CDATA[org.openqa.selenium.ElementClickInterceptedException: element click intercepted: Element <a id="droppableExample-tab-accept" href="#" role="tab" data-rb-event-key="accept" aria-controls="droppableExample-tabpane-accept" tabindex="-1" aria-selected="false" class="nav-item nav-link">...</a> is not clickable at point (482, 544). Other element would receive the click: <iframe frameborder="0" src="https://577819ba7c4cca74bd4b2656e49856ce.safeframe.googlesyndication.com/safeframe/1-0-44/html/container.html" id="google_ads_iframe_/21849154601,22343295815/Ad.Plus-Anchor_0" title="3rd party ad content" name="" scrolling="no" marginwidth="0" marginheight="0" width="970" height="90" data-is-safeframe="true" sandbox="allow-forms allow-popups allow-popups-to-escape-sandbox allow-same-origin allow-scripts allow-top-navigation-by-user-activation" allow="private-state-token-redemption;attribution-reporting" aria-label="Advertisement" tabindex="0" data-google-container-id="1" style="border: 0px; vertical-align: bottom;" data-load-complete="true"></iframe>  (Session info: chrome=136.0.7103.93)Build info: version: '4.12.1', revision: '8e34639b11'System info: os.name: 'Windows 10', os.arch: 'amd64', os.version: '10.0', java.version: '1.8.0_144'Driver info: org.openqa.selenium.chrome.ChromeDriverCommand: [0a6c3cc907ea92644e3fe1b2411570fe, clickElement {id=f.EC532A38CB5A5E9C8543EF844B4AC91D.d.A827E27B76C4E3AAF671831586AE50C5.e.40}]Capabilities {acceptInsecureCerts: false, browserName: chrome, browserVersion: 136.0.7103.93, chrome: {chromedriverVersion: 136.0.7103.92 (cb81a4cc5087..., userDataDir: C:\Users\DELL\AppData\Local...}, fedcm:accounts: true, goog:chromeOptions: {debuggerAddress: localhost:54011}, networkConnectionEnabled: false, pageLoadStrategy: normal, platformName: windows, proxy: Proxy(), se:cdp: ws://localhost:54011/devtoo..., se:cdpVersion: 136.0.7103.93, setWindowRect: true, strictFileInteractability: false, timeouts: {implicit: 0, pageLoad: 300000, script: 30000}, unhandledPromptBehavior: dismiss and notify, webauthn:extension:credBlob: true, webauthn:extension:largeBlob: true, webauthn:extension:minPinLength: true, webauthn:extension:prf: true, webauthn:virtualAuthenticators: true}Element: [[ChromeDriver: chrome on windows (0a6c3cc907ea92644e3fe1b2411570fe)] -> xpath: //a[@id='droppableExample-tab-accept']]Session ID: 0a6c3cc907ea92644e3fe1b2411570feat org.openqa.selenium.remote.codec.w3c.W3CHttpResponseCodec.createException(W3CHttpResponseCodec.java:200)at org.openqa.selenium.remote.codec.w3c.W3CHttpResponseCodec.decode(W3CHttpResponseCodec.java:133)at org.openqa.selenium.remote.codec.w3c.W3CHttpResponseCodec.decode(W3CHttpResponseCodec.java:52)at org.openqa.selenium.remote.HttpCommandExecutor.execute(HttpCommandExecutor.java:191)at org.openqa.selenium.remote.service.DriverCommandExecutor.invokeExecute(DriverCommandExecutor.java:196)at org.openqa.selenium.remote.service.DriverCommandExecutor.execute(DriverCommandExecutor.java:171)at org.openqa.selenium.remote.RemoteWebDriver.execute(RemoteWebDriver.java:602)at org.openqa.selenium.remote.RemoteWebElement.execute(RemoteWebElement.java:224)at org.openqa.selenium.remote.RemoteWebElement.click(RemoteWebElement.java:77)at org.openqa.selenium.support.pagefactory.internal.LocatingElementHandler.invoke(LocatingElementHandler.java:51)at com.sun.proxy.$Proxy14.click(Unknown Source)at com.pageObjectModel.Interactions.sectionDragAndDrop(Interactions.java:255)at com.testCases.TC_005_Interactions.goToDropable(TC_005_Interactions.java:56)... Removed 33 stack frames]]>
    </failure>
  </testcase> <!-- goToDropable -->
</testsuite> <!-- sanity -->
