<?xml version="1.0" encoding="UTF-8"?>
<!-- Generated by org.testng.reporters.JUnitXMLReporter -->
<testsuite hostname="DESKTOP-QK0E47G" ignored="0" name="Test1" tests="4" failures="0" timestamp="02 Oct 2025 16:01:02 GMT" time="16.217" errors="0">
  <testcase name="@BeforeClass setUp" time="16.005" classname="com.baseClass.BaseClass">
    <failure type="java.io.FileNotFoundException" message="D:\Automation_Practice\demoQAAutomation\config.properties (The system cannot find the path specified)">
      <![CDATA[java.io.FileNotFoundException: D:\Automation_Practice\demoQAAutomation\config.properties (The system cannot find the path specified)at java.io.FileInputStream.open0(Native Method)at java.io.FileInputStream.open(Unknown Source)at java.io.FileInputStream.<init>(Unknown Source)at java.io.FileInputStream.<init>(Unknown Source)at com.utilities.PropertiesClass.readProperties(PropertiesClass.java:15)at com.utilities.PropertiesClass.getBaseUrl(PropertiesClass.java:23)at com.baseClass.BaseClass.setUp(BaseClass.java:46)at java.util.concurrent.ThreadPoolExecutor.runWorker(Unknown Source)at java.util.concurrent.ThreadPoolExecutor$Worker.run(Unknown Source)at java.lang.Thread.run(Unknown Source)... Removed 11 stack frames]]>
    </failure>
  </testcase> <!-- @BeforeClass setUp -->
  <testcase name="@BeforeClass setUp" time="16.101" classname="com.baseClass.BaseClass">
    <failure type="java.io.FileNotFoundException" message="D:\Automation_Practice\demoQAAutomation\config.properties (The system cannot find the path specified)">
      <![CDATA[java.io.FileNotFoundException: D:\Automation_Practice\demoQAAutomation\config.properties (The system cannot find the path specified)at java.io.FileInputStream.open0(Native Method)at java.io.FileInputStream.open(Unknown Source)at java.io.FileInputStream.<init>(Unknown Source)at java.io.FileInputStream.<init>(Unknown Source)at com.utilities.PropertiesClass.readProperties(PropertiesClass.java:15)at com.utilities.PropertiesClass.getBaseUrl(PropertiesClass.java:23)at com.baseClass.BaseClass.setUp(BaseClass.java:46)at java.util.concurrent.ThreadPoolExecutor.runWorker(Unknown Source)at java.util.concurrent.ThreadPoolExecutor$Worker.run(Unknown Source)at java.lang.Thread.run(Unknown Source)... Removed 11 stack frames]]>
    </failure>
  </testcase> <!-- @BeforeClass setUp -->
  <testcase name="goToElementSection" time="0.0" classname="com.testCases.TC_001_Elements">
    <skipped/>
  </testcase> <!-- goToElementSection -->
  <testcase name="goToInteractions" time="0.0" classname="com.testCases.TC_005_Interactions">
    <skipped/>
  </testcase> <!-- goToInteractions -->
  <testcase name="goToDropable" time="0.0" classname="com.testCases.TC_005_Interactions">
    <skipped/>
  </testcase> <!-- goToDropable -->
  <testcase name="checkBrokenLinkSection" time="0.0" classname="com.testCases.TC_001_Elements">
    <skipped/>
  </testcase> <!-- checkBrokenLinkSection -->
</testsuite> <!-- Test1 -->
