<?xml version="1.0" encoding="UTF-8"?>
<!-- Generated by org.testng.reporters.JUnitXMLReporter -->
<testsuite hostname="DESKTOP-QK0E47G" ignored="0" name="Test2" tests="2" failures="1" timestamp="13 May 2025 17:21:48 GMT" time="195.809" errors="0">
  <testcase name="goToInteractions" time="10.302" classname="com.testCases.TC_005_Interactions"/>
  <testcase name="goToDropable" time="3.757" classname="com.testCases.TC_005_Interactions">
    <failure type="org.openqa.selenium.ElementNotInteractableException" message="element not interactable: [object HTMLParagraphElement] has no size and location
  (Session info: MicrosoftEdge=136.0.3240.64)
Build info: version: &amp;apos;4.12.1&amp;apos;, revision: &amp;apos;8e34639b11&amp;apos;
System info: os.name: &amp;apos;Windows 10&amp;apos;, os.arch: &amp;apos;amd64&amp;apos;, os.version: &amp;apos;10.0&amp;apos;, java.version: &amp;apos;1.8.0_144&amp;apos;
Driver info: org.openqa.selenium.edge.EdgeDriver
Command: [1c08d8f26af5bf6f9629b504db4f1aaa, actions {actions=[org.openqa.selenium.interactions.Sequence@6d467c87]}]
Capabilities {acceptInsecureCerts: false, browserName: MicrosoftEdge, browserVersion: 136.0.3240.64, fedcm:accounts: true, ms:edgeOptions: {debuggerAddress: localhost:56078}, msedge: {msedgedriverVersion: 136.0.3240.64 (e3a39d3fa3c6..., userDataDir: C:\Users\DELL\AppData\Local...}, networkConnectionEnabled: false, pageLoadStrategy: normal, platformName: windows, proxy: Proxy(), se:cdp: ws://localhost:56078/devtoo..., se:cdpVersion: 136.0.3240.64, setWindowRect: true, strictFileInteractability: false, timeouts: {implicit: 0, pageLoad: 300000, script: 30000}, unhandledPromptBehavior: dismiss and notify, webauthn:extension:credBlob: true, webauthn:extension:largeBlob: true, webauthn:extension:minPinLength: true, webauthn:extension:prf: true, webauthn:virtualAuthenticators: true}
Session ID: 1c08d8f26af5bf6f9629b504db4f1aaa">
      <![CDATA[org.openqa.selenium.ElementNotInteractableException: element not interactable: [object HTMLParagraphElement] has no size and location  (Session info: MicrosoftEdge=136.0.3240.64)Build info: version: '4.12.1', revision: '8e34639b11'System info: os.name: 'Windows 10', os.arch: 'amd64', os.version: '10.0', java.version: '1.8.0_144'Driver info: org.openqa.selenium.edge.EdgeDriverCommand: [1c08d8f26af5bf6f9629b504db4f1aaa, actions {actions=[org.openqa.selenium.interactions.Sequence@6d467c87]}]Capabilities {acceptInsecureCerts: false, browserName: MicrosoftEdge, browserVersion: 136.0.3240.64, fedcm:accounts: true, ms:edgeOptions: {debuggerAddress: localhost:56078}, msedge: {msedgedriverVersion: 136.0.3240.64 (e3a39d3fa3c6..., userDataDir: C:\Users\DELL\AppData\Local...}, networkConnectionEnabled: false, pageLoadStrategy: normal, platformName: windows, proxy: Proxy(), se:cdp: ws://localhost:56078/devtoo..., se:cdpVersion: 136.0.3240.64, setWindowRect: true, strictFileInteractability: false, timeouts: {implicit: 0, pageLoad: 300000, script: 30000}, unhandledPromptBehavior: dismiss and notify, webauthn:extension:credBlob: true, webauthn:extension:largeBlob: true, webauthn:extension:minPinLength: true, webauthn:extension:prf: true, webauthn:virtualAuthenticators: true}Session ID: 1c08d8f26af5bf6f9629b504db4f1aaaat org.openqa.selenium.remote.codec.w3c.W3CHttpResponseCodec.createException(W3CHttpResponseCodec.java:200)at org.openqa.selenium.remote.codec.w3c.W3CHttpResponseCodec.decode(W3CHttpResponseCodec.java:133)at org.openqa.selenium.remote.codec.w3c.W3CHttpResponseCodec.decode(W3CHttpResponseCodec.java:52)at org.openqa.selenium.remote.HttpCommandExecutor.execute(HttpCommandExecutor.java:191)at org.openqa.selenium.remote.service.DriverCommandExecutor.invokeExecute(DriverCommandExecutor.java:196)at org.openqa.selenium.remote.service.DriverCommandExecutor.execute(DriverCommandExecutor.java:171)at org.openqa.selenium.remote.RemoteWebDriver.execute(RemoteWebDriver.java:602)at org.openqa.selenium.remote.RemoteWebDriver.perform(RemoteWebDriver.java:688)at org.openqa.selenium.interactions.Actions$BuiltAction.perform(Actions.java:605)at com.pageObjectModel.Interactions.sectionDragAndDrop(Interactions.java:259)at com.testCases.TC_005_Interactions.goToDropable(TC_005_Interactions.java:56)... Removed 29 stack frames]]>
    </failure>
  </testcase> <!-- goToDropable -->
</testsuite> <!-- Test2 -->
