<?xml version="1.0" encoding="UTF-8"?>
<!-- Generated by org.testng.reporters.JUnitXMLReporter -->
<testsuite hostname="DESKTOP-QK0E47G" ignored="0" name="Test" tests="2" failures="1" timestamp="13 May 2025 17:01:47 GMT" time="50.584" errors="0">
  <testcase name="goToInteractions" time="10.519" classname="com.testCases.TC_005_Interactions"/>
  <testcase name="goToDropable" time="4.001" classname="com.testCases.TC_005_Interactions">
    <failure type="org.openqa.selenium.ElementNotInteractableException" message="element not interactable: [object HTMLParagraphElement] has no size and location
  (Session info: chrome=136.0.7103.93)
Build info: version: &amp;apos;4.12.1&amp;apos;, revision: &amp;apos;8e34639b11&amp;apos;
System info: os.name: &amp;apos;Windows 10&amp;apos;, os.arch: &amp;apos;amd64&amp;apos;, os.version: &amp;apos;10.0&amp;apos;, java.version: &amp;apos;1.8.0_144&amp;apos;
Driver info: org.openqa.selenium.chrome.ChromeDriver
Command: [20fe3ed7b6dd0afc40adb7852283dc4d, actions {actions=[org.openqa.selenium.interactions.Sequence@7fe083b1]}]
Capabilities {acceptInsecureCerts: false, browserName: chrome, browserVersion: 136.0.7103.93, chrome: {chromedriverVersion: 136.0.7103.92 (cb81a4cc5087..., userDataDir: C:\Users\DELL\AppData\Local...}, fedcm:accounts: true, goog:chromeOptions: {debuggerAddress: localhost:54840}, networkConnectionEnabled: false, pageLoadStrategy: normal, platformName: windows, proxy: Proxy(), se:cdp: ws://localhost:54840/devtoo..., se:cdpVersion: 136.0.7103.93, setWindowRect: true, strictFileInteractability: false, timeouts: {implicit: 0, pageLoad: 300000, script: 30000}, unhandledPromptBehavior: dismiss and notify, webauthn:extension:credBlob: true, webauthn:extension:largeBlob: true, webauthn:extension:minPinLength: true, webauthn:extension:prf: true, webauthn:virtualAuthenticators: true}
Session ID: 20fe3ed7b6dd0afc40adb7852283dc4d">
      <![CDATA[org.openqa.selenium.ElementNotInteractableException: element not interactable: [object HTMLParagraphElement] has no size and location  (Session info: chrome=136.0.7103.93)Build info: version: '4.12.1', revision: '8e34639b11'System info: os.name: 'Windows 10', os.arch: 'amd64', os.version: '10.0', java.version: '1.8.0_144'Driver info: org.openqa.selenium.chrome.ChromeDriverCommand: [20fe3ed7b6dd0afc40adb7852283dc4d, actions {actions=[org.openqa.selenium.interactions.Sequence@7fe083b1]}]Capabilities {acceptInsecureCerts: false, browserName: chrome, browserVersion: 136.0.7103.93, chrome: {chromedriverVersion: 136.0.7103.92 (cb81a4cc5087..., userDataDir: C:\Users\DELL\AppData\Local...}, fedcm:accounts: true, goog:chromeOptions: {debuggerAddress: localhost:54840}, networkConnectionEnabled: false, pageLoadStrategy: normal, platformName: windows, proxy: Proxy(), se:cdp: ws://localhost:54840/devtoo..., se:cdpVersion: 136.0.7103.93, setWindowRect: true, strictFileInteractability: false, timeouts: {implicit: 0, pageLoad: 300000, script: 30000}, unhandledPromptBehavior: dismiss and notify, webauthn:extension:credBlob: true, webauthn:extension:largeBlob: true, webauthn:extension:minPinLength: true, webauthn:extension:prf: true, webauthn:virtualAuthenticators: true}Session ID: 20fe3ed7b6dd0afc40adb7852283dc4dat org.openqa.selenium.remote.codec.w3c.W3CHttpResponseCodec.createException(W3CHttpResponseCodec.java:200)at org.openqa.selenium.remote.codec.w3c.W3CHttpResponseCodec.decode(W3CHttpResponseCodec.java:133)at org.openqa.selenium.remote.codec.w3c.W3CHttpResponseCodec.decode(W3CHttpResponseCodec.java:52)at org.openqa.selenium.remote.HttpCommandExecutor.execute(HttpCommandExecutor.java:191)at org.openqa.selenium.remote.service.DriverCommandExecutor.invokeExecute(DriverCommandExecutor.java:196)at org.openqa.selenium.remote.service.DriverCommandExecutor.execute(DriverCommandExecutor.java:171)at org.openqa.selenium.remote.RemoteWebDriver.execute(RemoteWebDriver.java:602)at org.openqa.selenium.remote.RemoteWebDriver.perform(RemoteWebDriver.java:688)at org.openqa.selenium.interactions.Actions$BuiltAction.perform(Actions.java:605)at com.pageObjectModel.Interactions.sectionDragAndDrop(Interactions.java:259)at com.testCases.TC_005_Interactions.goToDropable(TC_005_Interactions.java:56)... Removed 29 stack frames]]>
    </failure>
  </testcase> <!-- goToDropable -->
</testsuite> <!-- Test -->
