<?xml version="1.0" encoding="UTF-8"?>
<!-- Generated by org.testng.reporters.JUnitXMLReporter -->
<testsuite hostname="DESKTOP-QK0E47G" ignored="0" name="Test1" tests="2" failures="1" timestamp="26 May 2025 17:49:04 GMT" time="51.03" errors="0">
  <testcase name="goToInteractions" time="10.43" classname="com.testCases.TC_005_Interactions"/>
  <testcase name="goToDropable" time="24.868" classname="com.testCases.TC_005_Interactions">
    <failure type="org.openqa.selenium.remote.UnreachableBrowserException" message="Error communicating with the remote browser. It may have died.
Build info: version: &amp;apos;4.12.1&amp;apos;, revision: &amp;apos;8e34639b11&amp;apos;
System info: os.name: &amp;apos;Windows 10&amp;apos;, os.arch: &amp;apos;amd64&amp;apos;, os.version: &amp;apos;10.0&amp;apos;, java.version: &amp;apos;1.8.0_144&amp;apos;
Driver info: org.openqa.selenium.chrome.ChromeDriver
Command: [408de6a2c6660cc7d5bfc7e11a7eec08, findElement [using, value]]
Capabilities {acceptInsecureCerts: false, browserName: chrome, browserVersion: 136.0.7103.114, chrome: {chromedriverVersion: 136.0.7103.113 (76fa3c17824..., userDataDir: C:\Users\DELL\AppData\Local...}, fedcm:accounts: true, goog:chromeOptions: {debuggerAddress: localhost:61212}, networkConnectionEnabled: false, pageLoadStrategy: normal, platformName: windows, proxy: Proxy(), se:cdp: ws://localhost:61212/devtoo..., se:cdpVersion: 136.0.7103.114, setWindowRect: true, strictFileInteractability: false, timeouts: {implicit: 0, pageLoad: 300000, script: 30000}, unhandledPromptBehavior: dismiss and notify, webauthn:extension:credBlob: true, webauthn:extension:largeBlob: true, webauthn:extension:minPinLength: true, webauthn:extension:prf: true, webauthn:virtualAuthenticators: true}
Session ID: 408de6a2c6660cc7d5bfc7e11a7eec08">
      <![CDATA[org.openqa.selenium.remote.UnreachableBrowserException: Error communicating with the remote browser. It may have died.Build info: version: '4.12.1', revision: '8e34639b11'System info: os.name: 'Windows 10', os.arch: 'amd64', os.version: '10.0', java.version: '1.8.0_144'Driver info: org.openqa.selenium.chrome.ChromeDriverCommand: [408de6a2c6660cc7d5bfc7e11a7eec08, findElement [using, value]]Capabilities {acceptInsecureCerts: false, browserName: chrome, browserVersion: 136.0.7103.114, chrome: {chromedriverVersion: 136.0.7103.113 (76fa3c17824..., userDataDir: C:\Users\DELL\AppData\Local...}, fedcm:accounts: true, goog:chromeOptions: {debuggerAddress: localhost:61212}, networkConnectionEnabled: false, pageLoadStrategy: normal, platformName: windows, proxy: Proxy(), se:cdp: ws://localhost:61212/devtoo..., se:cdpVersion: 136.0.7103.114, setWindowRect: true, strictFileInteractability: false, timeouts: {implicit: 0, pageLoad: 300000, script: 30000}, unhandledPromptBehavior: dismiss and notify, webauthn:extension:credBlob: true, webauthn:extension:largeBlob: true, webauthn:extension:minPinLength: true, webauthn:extension:prf: true, webauthn:virtualAuthenticators: true}Session ID: 408de6a2c6660cc7d5bfc7e11a7eec08at org.openqa.selenium.remote.RemoteWebDriver.execute(RemoteWebDriver.java:629)at org.openqa.selenium.remote.ElementLocation$ElementFinder$2.findElement(ElementLocation.java:165)at org.openqa.selenium.remote.ElementLocation.findElement(ElementLocation.java:59)at org.openqa.selenium.remote.RemoteWebDriver.findElement(RemoteWebDriver.java:359)at org.openqa.selenium.remote.RemoteWebDriver.findElement(RemoteWebDriver.java:353)at org.openqa.selenium.support.pagefactory.DefaultElementLocator.findElement(DefaultElementLocator.java:68)at org.openqa.selenium.support.pagefactory.internal.LocatingElementHandler.invoke(LocatingElementHandler.java:38)at com.sun.proxy.$Proxy14.click(Unknown Source)at com.pageObjectModel.Interactions.sectionDragAndDropNested(Interactions.java:265)at com.testCases.TC_005_Interactions.goToDropable(TC_005_Interactions.java:57)at java.util.concurrent.ThreadPoolExecutor.runWorker(ThreadPoolExecutor.java:1149)at java.util.concurrent.ThreadPoolExecutor$Worker.run(ThreadPoolExecutor.java:624)at java.lang.Thread.run(Thread.java:748)Caused by: java.io.UncheckedIOException: java.io.IOException: An existing connection was forcibly closed by the remote hostat org.openqa.selenium.remote.http.netty.NettyHttpHandler.makeCall(NettyHttpHandler.java:73)at org.openqa.selenium.remote.http.AddSeleniumUserAgent.lambda$apply$0(AddSeleniumUserAgent.java:42)at org.openqa.selenium.remote.http.Filter.lambda$andFinally$1(Filter.java:55)at org.openqa.selenium.remote.http.netty.NettyHttpHandler.execute(NettyHttpHandler.java:48)at org.openqa.selenium.remote.http.netty.NettyClient.execute(NettyClient.java:96)at org.openqa.selenium.remote.HttpCommandExecutor.execute(HttpCommandExecutor.java:188)at org.openqa.selenium.remote.service.DriverCommandExecutor.invokeExecute(DriverCommandExecutor.java:196)at org.openqa.selenium.remote.service.DriverCommandExecutor.execute(DriverCommandExecutor.java:171)at org.openqa.selenium.remote.RemoteWebDriver.execute(RemoteWebDriver.java:602)... 22 moreCaused by: java.io.IOException: An existing connection was forcibly closed by the remote hostat sun.nio.ch.SocketDispatcher.read0(Native Method)at sun.nio.ch.SocketDispatcher.read(SocketDispatcher.java:43)at sun.nio.ch.IOUtil.readIntoNativeBuffer(IOUtil.java:223)at sun.nio.ch.IOUtil.read(IOUtil.java:192)at sun.nio.ch.SocketChannelImpl.read(SocketChannelImpl.java:380)at io.netty.buffer.PooledByteBuf.setBytes(PooledByteBuf.java:254)at io.netty.buffer.AbstractByteBuf.writeBytes(AbstractByteBuf.java:1132)at io.netty.channel.socket.nio.NioSocketChannel.doReadBytes(NioSocketChannel.java:357)at io.netty.channel.nio.AbstractNioByteChannel$NioByteUnsafe.read(AbstractNioByteChannel.java:151)at io.netty.channel.nio.NioEventLoop.processSelectedKey(NioEventLoop.java:788)at io.netty.channel.nio.NioEventLoop.processSelectedKeysOptimized(NioEventLoop.java:724)at io.netty.channel.nio.NioEventLoop.processSelectedKeys(NioEventLoop.java:650)at io.netty.channel.nio.NioEventLoop.run(NioEventLoop.java:562)at io.netty.util.concurrent.SingleThreadEventExecutor$4.run(SingleThreadEventExecutor.java:997)at io.netty.util.internal.ThreadExecutorMap$2.run(ThreadExecutorMap.java:74)at io.netty.util.concurrent.FastThreadLocalRunnable.run(FastThreadLocalRunnable.java:30)... 1 more... Removed 10 stack frames]]>
    </failure>
  </testcase> <!-- goToDropable -->
</testsuite> <!-- Test1 -->
