<?xml version="1.0" encoding="UTF-8"?>
<!-- Generated by org.testng.reporters.JUnitReportReporter -->
<testsuite skipped="0" hostname="DESKTOP-QK0E47G" name="com.testCases.TC_004_Widgets" tests="2" failures="0" timestamp="10 May 2025 10:57:57 GMT" time="20.526" errors="0">
  <testcase name="goToAlertFrameAndWindowSection" time="10.552" classname="com.testCases.TC_004_Widgets"/>
  <testcase name="goToSubMenuSection" time="9.974" classname="com.testCases.TC_004_Widgets"/>
</testsuite> <!-- com.testCases.TC_004_Widgets -->
