<?xml version="1.0" encoding="UTF-8"?>
<!-- Generated by org.testng.reporters.JUnitReportReporter -->
<testsuite skipped="0" hostname="DESKTOP-QK0E47G" name="com.testCases.TC_001_Elements" tests="2" failures="0" timestamp="26 May 2025 16:43:15 GMT" time="18.366" errors="1">
  <testcase name="goToElementSection" time="13.184" classname="com.testCases.TC_001_Elements"/>
  <testcase name="checkBrokenLinkSection" time="5.182" classname="com.testCases.TC_001_Elements">
    <error type="java.lang.NullPointerException">
      <![CDATA[java.lang.NullPointerExceptionat com.pageObjectModel.Elements.clickBrokenLink(Elements.java:493)at com.testCases.TC_001_Elements.checkBrokenLinkSection(TC_001_Elements.java:121)at sun.reflect.NativeMethodAccessorImpl.invoke0(Native Method)at sun.reflect.NativeMethodAccessorImpl.invoke(NativeMethodAccessorImpl.java:62)at sun.reflect.DelegatingMethodAccessorImpl.invoke(DelegatingMethodAccessorImpl.java:43)at java.lang.reflect.Method.invoke(Method.java:498)at org.testng.internal.MethodInvocationHelper.invokeMethod(MethodInvocationHelper.java:124)at org.testng.internal.Invoker.invokeMethod(Invoker.java:571)at org.testng.internal.Invoker.invokeTestMethod(Invoker.java:707)at org.testng.internal.Invoker.invokeTestMethods(Invoker.java:979)at org.testng.internal.TestMethodWorker.invokeTestMethods(TestMethodWorker.java:125)at org.testng.internal.TestMethodWorker.run(TestMethodWorker.java:109)at java.util.concurrent.ThreadPoolExecutor.runWorker(ThreadPoolExecutor.java:1149)at java.util.concurrent.ThreadPoolExecutor$Worker.run(ThreadPoolExecutor.java:624)at java.lang.Thread.run(Thread.java:748)]]>
    </error>
  </testcase> <!-- checkBrokenLinkSection -->
</testsuite> <!-- com.testCases.TC_001_Elements -->
