<?xml version="1.0" encoding="UTF-8"?>
<!-- Generated by org.testng.reporters.JUnitReportReporter -->
<testsuite skipped="0" hostname="DESKTOP-QK0E47G" name="com.testCases.TC_003_AlertsFrameAndWindows" tests="2" failures="0" timestamp="04 May 2025 10:25:44 GMT" time="76.653" errors="0">
  <testcase name="goToAlertFrameAndWindowSection" time="75.530" classname="com.testCases.TC_003_AlertsFrameAndWindows"/>
  <testcase name="goToDialogsModal" time="1.123" classname="com.testCases.TC_003_AlertsFrameAndWindows"/>
</testsuite> <!-- com.testCases.TC_003_AlertsFrameAndWindows -->
