<?xml version="1.0" encoding="UTF-8"?>
<!-- Generated by org.testng.reporters.JUnitReportReporter -->
<testsuite skipped="2" hostname="DESKTOP-QK0E47G" name="com.testCases.TC_001_Elements" tests="3" failures="0" timestamp="02 Oct 2025 16:01:02 GMT" time="16.005" errors="1">
  <testcase name="setUp" time="16.005" classname="com.testCases.TC_001_Elements">
    <error type="java.io.FileNotFoundException" message="D:\Automation_Practice\demoQAAutomation\config.properties (The system cannot find the path specified)">
      <![CDATA[java.io.FileNotFoundException: D:\Automation_Practice\demoQAAutomation\config.properties (The system cannot find the path specified)at java.io.FileInputStream.open0(Native Method)at java.io.FileInputStream.open(Unknown Source)at java.io.FileInputStream.<init>(Unknown Source)at java.io.FileInputStream.<init>(Unknown Source)at com.utilities.PropertiesClass.readProperties(PropertiesClass.java:15)at com.utilities.PropertiesClass.getBaseUrl(PropertiesClass.java:23)at com.baseClass.BaseClass.setUp(BaseClass.java:46)at sun.reflect.NativeMethodAccessorImpl.invoke0(Native Method)at sun.reflect.NativeMethodAccessorImpl.invoke(Unknown Source)at sun.reflect.DelegatingMethodAccessorImpl.invoke(Unknown Source)at java.lang.reflect.Method.invoke(Unknown Source)at org.testng.internal.MethodInvocationHelper.invokeMethod(MethodInvocationHelper.java:124)at org.testng.internal.MethodInvocationHelper.invokeMethodConsideringTimeout(MethodInvocationHelper.java:59)at org.testng.internal.Invoker.invokeConfigurationMethod(Invoker.java:451)at org.testng.internal.Invoker.invokeConfigurations(Invoker.java:222)at org.testng.internal.Invoker.invokeConfigurations(Invoker.java:142)at org.testng.internal.TestMethodWorker.invokeBeforeClassMethods(TestMethodWorker.java:163)at org.testng.internal.TestMethodWorker.run(TestMethodWorker.java:105)at java.util.concurrent.ThreadPoolExecutor.runWorker(Unknown Source)at java.util.concurrent.ThreadPoolExecutor$Worker.run(Unknown Source)at java.lang.Thread.run(Unknown Source)]]>
    </error>
  </testcase> <!-- setUp -->
  <testcase name="goToElementSection" time="0.000" classname="com.testCases.TC_001_Elements">
    <skipped/>
  </testcase> <!-- goToElementSection -->
  <testcase name="checkBrokenLinkSection" time="0.000" classname="com.testCases.TC_001_Elements">
    <skipped/>
  </testcase> <!-- checkBrokenLinkSection -->
</testsuite> <!-- com.testCases.TC_001_Elements -->
